Arguments: 
  /usr/bin/node /usr/share/yarn/bin/yarn.js init -Y

PATH: 
  /home/fallstop/Documents/Programs/anaconda3/condabin:/Documents/Programs/vagrant:/home/fallstop/.cargo/bin:/usr/local/sbin:/usr/local/bin:/usr/sbin:/usr/bin:/sbin:/bin:/usr/games:/usr/local/games:/snap/bin:/home/fallstop/.dotnet/tools:/home/fallstop/.fzf/bin:/home/fallstop/.local/bin/:/home/fallstop/Documents/Programs/android-studio/bin/:/home/fallstop/Documents/Programs/vagrant:/home/fallstop/Library/Python/3.8/bin:/home/fallstop/.local/bin

Yarn version: 
  1.22.5

Node version: 
  12.18.2

Platform: 
  linux x64

Trace: 
  Error: canceled
      at Interface.<anonymous> (/usr/share/yarn/lib/cli.js:137009:13)
      at Interface.emit (events.js:315:20)
      at Interface._ttyWrite (readline.js:866:16)
      at ReadStream.onkeypress (readline.js:205:10)
      at ReadStream.emit (events.js:315:20)
      at emitKeys (internal/readline/utils.js:335:14)
      at emitKeys.next (<anonymous>)
      at ReadStream.onData (readline.js:1133:36)
      at ReadStream.emit (events.js:315:20)
      at addChunk (_stream_readable.js:295:12)

npm manifest: 
  No manifest

yarn manifest: 
  No manifest

Lockfile: 
  No lockfile
